2018-04-19 00:02:21,335 - Starting SimsApplication on yang-PC with PID 11944 (E:\study\workspace\sims\target\classes started by yang in E:\study\workspace\sims)
2018-04-19 00:02:21,342 - No active profile set, falling back to default profiles: default
2018-04-19 00:02:21,446 - Refreshing org.springframework.boot.web.servlet.context.AnnotationConfigServletWebServerApplicationContext@54d9d12d: startup date [Thu Apr 19 00:02:21 CST 2018]; root of context hierarchy
2018-04-19 00:02:23,135 - Tomcat initialized with port(s): 8080 (http)
2018-04-19 00:02:23,152 - Initializing ProtocolHandler ["http-nio-8080"]
2018-04-19 00:02:23,166 - Starting service [Tomcat]
2018-04-19 00:02:23,166 - Starting Servlet Engine: Apache Tomcat/8.5.29
2018-04-19 00:02:23,170 - The APR based Apache Tomcat Native library which allows optimal performance in production environments was not found on the java.library.path: [D:\Java\jdk\bin;C:\WINDOWS\Sun\Java\bin;C:\WINDOWS\system32;C:\WINDOWS;C:\WINDOWS\system32;C:\WINDOWS;C:\WINDOWS\System32\Wbem;C:\WINDOWS\System32\WindowsPowerShell\v1.0\;D:\Program Files\mysql\bin;D:\Java\jdk\bin;D:\Java\jdk\jre\bin;D:\Program Files\nodejs\;D:\apache-maven-3.5.0\bin;D:\Program Files\Git\cmd;D:\gradle\gradle-2.5\bin;C:\Users\yang\AppData\Local\Microsoft\WindowsApps;C:\Users\yang\AppData\Roaming\npm;;.]
2018-04-19 00:02:23,322 - Initializing Spring embedded WebApplicationContext
2018-04-19 00:02:23,322 - Root WebApplicationContext: initialization completed in 1876 ms
2018-04-19 00:02:23,444 - Servlet dispatcherServlet mapped to [/]
2018-04-19 00:02:23,448 - Mapping filter: 'characterEncodingFilter' to: [/*]
2018-04-19 00:02:23,449 - Mapping filter: 'hiddenHttpMethodFilter' to: [/*]
2018-04-19 00:02:23,449 - Mapping filter: 'httpPutFormContentFilter' to: [/*]
2018-04-19 00:02:23,449 - Mapping filter: 'requestContextFilter' to: [/*]
2018-04-19 00:02:23,854 - Mapped URL path [/**/favicon.ico] onto handler of type [class org.springframework.web.servlet.resource.ResourceHttpRequestHandler]
2018-04-19 00:02:24,080 - Looking for @ControllerAdvice: org.springframework.boot.web.servlet.context.AnnotationConfigServletWebServerApplicationContext@54d9d12d: startup date [Thu Apr 19 00:02:21 CST 2018]; root of context hierarchy
2018-04-19 00:02:24,214 - >>>>>>>>>>>>>>>拦截器生效
2018-04-19 00:02:24,238 - Mapped "{[/]}" onto public java.lang.String org.ycm.sims.controller.IndexController.index(java.lang.String)
2018-04-19 00:02:24,242 - Mapped "{[/role/create]}" onto public java.lang.String org.ycm.sims.controller.RoleController.create()
2018-04-19 00:02:24,242 - Mapped "{[/role/cancel]}" onto public java.lang.String org.ycm.sims.controller.RoleController.cancel()
2018-04-19 00:02:24,242 - Mapped "{[/role/createRole]}" onto public org.ycm.sims.VO.RoleVO org.ycm.sims.controller.RoleController.createRole(org.ycm.sims.dto.RoleDTO)
2018-04-19 00:02:24,242 - Mapped "{[/role/updatePassword]}" onto public org.ycm.sims.VO.RoleVO org.ycm.sims.controller.RoleController.updatePassword(java.lang.String,java.lang.String)
2018-04-19 00:02:24,243 - Mapped "{[/role/password]}" onto public java.lang.String org.ycm.sims.controller.RoleController.updatePassword()
2018-04-19 00:02:24,243 - Mapped "{[/role/cancelRole]}" onto public org.ycm.sims.VO.RoleVO org.ycm.sims.controller.RoleController.cancelRole(int,int)
2018-04-19 00:02:24,243 - Mapped "{[/role/login]}" onto public java.lang.String org.ycm.sims.controller.RoleController.login()
2018-04-19 00:02:24,243 - Mapped "{[/role/logout]}" onto public java.lang.String org.ycm.sims.controller.RoleController.logout()
2018-04-19 00:02:24,243 - Mapped "{[/role/resetPassword]}" onto public org.ycm.sims.VO.RoleVO org.ycm.sims.controller.RoleController.resetPassword(int,int)
2018-04-19 00:02:24,243 - Mapped "{[/role/checkLogin]}" onto public org.ycm.sims.VO.RoleVO org.ycm.sims.controller.RoleController.checkLogin(org.ycm.sims.dto.RoleDTO)
2018-04-19 00:02:24,244 - Mapped "{[/role/rolePage]}" onto public java.util.List<org.ycm.sims.entity.Role> org.ycm.sims.controller.RoleController.rolePage(int)
2018-04-19 00:02:24,246 - Mapped "{[/error]}" onto public org.springframework.http.ResponseEntity<java.util.Map<java.lang.String, java.lang.Object>> org.springframework.boot.autoconfigure.web.servlet.error.BasicErrorController.error(javax.servlet.http.HttpServletRequest)
2018-04-19 00:02:24,246 - Mapped "{[/error],produces=[text/html]}" onto public org.springframework.web.servlet.ModelAndView org.springframework.boot.autoconfigure.web.servlet.error.BasicErrorController.errorHtml(javax.servlet.http.HttpServletRequest,javax.servlet.http.HttpServletResponse)
2018-04-19 00:02:24,270 - Mapped URL path [/webjars/**] onto handler of type [class org.springframework.web.servlet.resource.ResourceHttpRequestHandler]
2018-04-19 00:02:24,270 - Mapped URL path [/**] onto handler of type [class org.springframework.web.servlet.resource.ResourceHttpRequestHandler]
2018-04-19 00:02:24,558 - Registering beans for JMX exposure on startup
2018-04-19 00:02:24,559 - Bean with name 'dataSource' has been autodetected for JMX exposure
2018-04-19 00:02:24,563 - Located MBean 'dataSource': registering with JMX server as MBean [com.zaxxer.hikari:name=dataSource,type=HikariDataSource]
2018-04-19 00:02:24,575 - Starting ProtocolHandler ["http-nio-8080"]
2018-04-19 00:02:24,586 - Using a shared selector for servlet write/read
2018-04-19 00:02:24,601 - Tomcat started on port(s): 8080 (http) with context path ''
2018-04-19 00:02:24,604 - Started SimsApplication in 4.148 seconds (JVM running for 5.354)
2018-04-19 00:02:28,593 - Initializing Spring FrameworkServlet 'dispatcherServlet'
2018-04-19 00:02:28,594 - FrameworkServlet 'dispatcherServlet': initialization started
2018-04-19 00:02:28,618 - FrameworkServlet 'dispatcherServlet': initialization completed in 23 ms
2018-04-19 00:02:32,958 - sims - Starting...
2018-04-19 00:02:33,120 - sims - Start completed.
2018-04-19 00:02:33,222 - loginName=admin
2018-04-19 00:03:54,159 - Starting SimsApplication on yang-PC with PID 10404 (E:\study\workspace\sims\target\classes started by yang in E:\study\workspace\sims)
2018-04-19 00:03:54,164 - No active profile set, falling back to default profiles: default
2018-04-19 00:03:54,262 - Refreshing org.springframework.boot.web.servlet.context.AnnotationConfigServletWebServerApplicationContext@292b08d6: startup date [Thu Apr 19 00:03:54 CST 2018]; root of context hierarchy
2018-04-19 00:03:55,790 - Tomcat initialized with port(s): 8080 (http)
2018-04-19 00:03:55,801 - Initializing ProtocolHandler ["http-nio-8080"]
2018-04-19 00:03:55,810 - Starting service [Tomcat]
2018-04-19 00:03:55,810 - Starting Servlet Engine: Apache Tomcat/8.5.29
2018-04-19 00:03:55,814 - The APR based Apache Tomcat Native library which allows optimal performance in production environments was not found on the java.library.path: [D:\Java\jdk\bin;C:\WINDOWS\Sun\Java\bin;C:\WINDOWS\system32;C:\WINDOWS;C:\WINDOWS\system32;C:\WINDOWS;C:\WINDOWS\System32\Wbem;C:\WINDOWS\System32\WindowsPowerShell\v1.0\;D:\Program Files\mysql\bin;D:\Java\jdk\bin;D:\Java\jdk\jre\bin;D:\Program Files\nodejs\;D:\apache-maven-3.5.0\bin;D:\Program Files\Git\cmd;D:\gradle\gradle-2.5\bin;C:\Users\yang\AppData\Local\Microsoft\WindowsApps;C:\Users\yang\AppData\Roaming\npm;;.]
2018-04-19 00:03:55,926 - Initializing Spring embedded WebApplicationContext
2018-04-19 00:03:55,926 - Root WebApplicationContext: initialization completed in 1664 ms
2018-04-19 00:03:56,053 - Servlet dispatcherServlet mapped to [/]
2018-04-19 00:03:56,057 - Mapping filter: 'characterEncodingFilter' to: [/*]
2018-04-19 00:03:56,058 - Mapping filter: 'hiddenHttpMethodFilter' to: [/*]
2018-04-19 00:03:56,058 - Mapping filter: 'httpPutFormContentFilter' to: [/*]
2018-04-19 00:03:56,058 - Mapping filter: 'requestContextFilter' to: [/*]
2018-04-19 00:03:56,430 - Mapped URL path [/**/favicon.ico] onto handler of type [class org.springframework.web.servlet.resource.ResourceHttpRequestHandler]
2018-04-19 00:03:56,619 - Looking for @ControllerAdvice: org.springframework.boot.web.servlet.context.AnnotationConfigServletWebServerApplicationContext@292b08d6: startup date [Thu Apr 19 00:03:54 CST 2018]; root of context hierarchy
2018-04-19 00:03:56,729 - >>>>>>>>>>>>>>>拦截器生效
2018-04-19 00:03:56,755 - Mapped "{[/]}" onto public java.lang.String org.ycm.sims.controller.IndexController.index(java.lang.String)
2018-04-19 00:03:56,759 - Mapped "{[/role/create]}" onto public java.lang.String org.ycm.sims.controller.RoleController.create()
2018-04-19 00:03:56,759 - Mapped "{[/role/cancel]}" onto public java.lang.String org.ycm.sims.controller.RoleController.cancel()
2018-04-19 00:03:56,759 - Mapped "{[/role/login]}" onto public java.lang.String org.ycm.sims.controller.RoleController.login()
2018-04-19 00:03:56,759 - Mapped "{[/role/checkLogin]}" onto public org.ycm.sims.VO.RoleVO org.ycm.sims.controller.RoleController.checkLogin(org.ycm.sims.dto.RoleDTO)
2018-04-19 00:03:56,759 - Mapped "{[/role/updatePassword]}" onto public org.ycm.sims.VO.RoleVO org.ycm.sims.controller.RoleController.updatePassword(java.lang.String,java.lang.String)
2018-04-19 00:03:56,759 - Mapped "{[/role/password]}" onto public java.lang.String org.ycm.sims.controller.RoleController.updatePassword()
2018-04-19 00:03:56,760 - Mapped "{[/role/rolePage]}" onto public java.util.List<org.ycm.sims.entity.Role> org.ycm.sims.controller.RoleController.rolePage()
2018-04-19 00:03:56,760 - Mapped "{[/role/cancelRole]}" onto public org.ycm.sims.VO.RoleVO org.ycm.sims.controller.RoleController.cancelRole(int,int)
2018-04-19 00:03:56,760 - Mapped "{[/role/createRole]}" onto public org.ycm.sims.VO.RoleVO org.ycm.sims.controller.RoleController.createRole(org.ycm.sims.dto.RoleDTO)
2018-04-19 00:03:56,760 - Mapped "{[/role/logout]}" onto public java.lang.String org.ycm.sims.controller.RoleController.logout()
2018-04-19 00:03:56,760 - Mapped "{[/role/resetPassword]}" onto public org.ycm.sims.VO.RoleVO org.ycm.sims.controller.RoleController.resetPassword(int,int)
2018-04-19 00:03:56,762 - Mapped "{[/error]}" onto public org.springframework.http.ResponseEntity<java.util.Map<java.lang.String, java.lang.Object>> org.springframework.boot.autoconfigure.web.servlet.error.BasicErrorController.error(javax.servlet.http.HttpServletRequest)
2018-04-19 00:03:56,763 - Mapped "{[/error],produces=[text/html]}" onto public org.springframework.web.servlet.ModelAndView org.springframework.boot.autoconfigure.web.servlet.error.BasicErrorController.errorHtml(javax.servlet.http.HttpServletRequest,javax.servlet.http.HttpServletResponse)
2018-04-19 00:03:56,785 - Mapped URL path [/webjars/**] onto handler of type [class org.springframework.web.servlet.resource.ResourceHttpRequestHandler]
2018-04-19 00:03:56,786 - Mapped URL path [/**] onto handler of type [class org.springframework.web.servlet.resource.ResourceHttpRequestHandler]
2018-04-19 00:03:57,051 - Registering beans for JMX exposure on startup
2018-04-19 00:03:57,052 - Bean with name 'dataSource' has been autodetected for JMX exposure
2018-04-19 00:03:57,057 - Located MBean 'dataSource': registering with JMX server as MBean [com.zaxxer.hikari:name=dataSource,type=HikariDataSource]
2018-04-19 00:03:57,068 - Starting ProtocolHandler ["http-nio-8080"]
2018-04-19 00:03:57,079 - Using a shared selector for servlet write/read
2018-04-19 00:03:57,093 - Tomcat started on port(s): 8080 (http) with context path ''
2018-04-19 00:03:57,097 - Started SimsApplication in 3.627 seconds (JVM running for 4.639)
2018-04-19 00:04:00,603 - Initializing Spring FrameworkServlet 'dispatcherServlet'
2018-04-19 00:04:00,603 - FrameworkServlet 'dispatcherServlet': initialization started
2018-04-19 00:04:00,622 - FrameworkServlet 'dispatcherServlet': initialization completed in 18 ms
2018-04-19 00:04:00,663 - sims - Starting...
2018-04-19 00:04:00,929 - sims - Start completed.
2018-04-19 00:04:06,234 - loginName=admin
2018-04-19 00:07:06,949 - Starting SimsApplication on yang-PC with PID 9636 (E:\study\workspace\sims\target\classes started by yang in E:\study\workspace\sims)
2018-04-19 00:07:06,971 - No active profile set, falling back to default profiles: default
2018-04-19 00:07:07,075 - Refreshing org.springframework.boot.web.servlet.context.AnnotationConfigServletWebServerApplicationContext@49e53c76: startup date [Thu Apr 19 00:07:07 CST 2018]; root of context hierarchy
2018-04-19 00:07:08,828 - Tomcat initialized with port(s): 8080 (http)
2018-04-19 00:07:08,844 - Initializing ProtocolHandler ["http-nio-8080"]
2018-04-19 00:07:08,859 - Starting service [Tomcat]
2018-04-19 00:07:08,859 - Starting Servlet Engine: Apache Tomcat/8.5.29
2018-04-19 00:07:08,865 - The APR based Apache Tomcat Native library which allows optimal performance in production environments was not found on the java.library.path: [D:\Java\jdk\bin;C:\WINDOWS\Sun\Java\bin;C:\WINDOWS\system32;C:\WINDOWS;C:\WINDOWS\system32;C:\WINDOWS;C:\WINDOWS\System32\Wbem;C:\WINDOWS\System32\WindowsPowerShell\v1.0\;D:\Program Files\mysql\bin;D:\Java\jdk\bin;D:\Java\jdk\jre\bin;D:\Program Files\nodejs\;D:\apache-maven-3.5.0\bin;D:\Program Files\Git\cmd;D:\gradle\gradle-2.5\bin;C:\Users\yang\AppData\Local\Microsoft\WindowsApps;C:\Users\yang\AppData\Roaming\npm;;.]
2018-04-19 00:07:08,993 - Initializing Spring embedded WebApplicationContext
2018-04-19 00:07:08,993 - Root WebApplicationContext: initialization completed in 1918 ms
2018-04-19 00:07:09,148 - Servlet dispatcherServlet mapped to [/]
2018-04-19 00:07:09,153 - Mapping filter: 'characterEncodingFilter' to: [/*]
2018-04-19 00:07:09,154 - Mapping filter: 'hiddenHttpMethodFilter' to: [/*]
2018-04-19 00:07:09,154 - Mapping filter: 'httpPutFormContentFilter' to: [/*]
2018-04-19 00:07:09,154 - Mapping filter: 'requestContextFilter' to: [/*]
2018-04-19 00:07:09,746 - Mapped URL path [/**/favicon.ico] onto handler of type [class org.springframework.web.servlet.resource.ResourceHttpRequestHandler]
2018-04-19 00:07:10,045 - Looking for @ControllerAdvice: org.springframework.boot.web.servlet.context.AnnotationConfigServletWebServerApplicationContext@49e53c76: startup date [Thu Apr 19 00:07:07 CST 2018]; root of context hierarchy
2018-04-19 00:07:10,209 - >>>>>>>>>>>>>>>拦截器生效
2018-04-19 00:07:10,238 - Mapped "{[/]}" onto public java.lang.String org.ycm.sims.controller.IndexController.index(java.lang.String)
2018-04-19 00:07:10,244 - Mapped "{[/role/create]}" onto public java.lang.String org.ycm.sims.controller.RoleController.create()
2018-04-19 00:07:10,245 - Mapped "{[/role/cancel]}" onto public java.lang.String org.ycm.sims.controller.RoleController.cancel()
2018-04-19 00:07:10,245 - Mapped "{[/role/updatePassword]}" onto public org.ycm.sims.VO.RoleVO org.ycm.sims.controller.RoleController.updatePassword(java.lang.String,java.lang.String)
2018-04-19 00:07:10,245 - Mapped "{[/role/password]}" onto public java.lang.String org.ycm.sims.controller.RoleController.updatePassword()
2018-04-19 00:07:10,245 - Mapped "{[/role/login]}" onto public java.lang.String org.ycm.sims.controller.RoleController.login()
2018-04-19 00:07:10,246 - Mapped "{[/role/logout]}" onto public java.lang.String org.ycm.sims.controller.RoleController.logout()
2018-04-19 00:07:10,246 - Mapped "{[/role/checkLogin]}" onto public org.ycm.sims.VO.RoleVO org.ycm.sims.controller.RoleController.checkLogin(org.ycm.sims.dto.RoleDTO)
2018-04-19 00:07:10,246 - Mapped "{[/role/cancelRole]}" onto public org.ycm.sims.VO.RoleVO org.ycm.sims.controller.RoleController.cancelRole(int,int)
2018-04-19 00:07:10,246 - Mapped "{[/role/rolePage]}" onto public com.github.pagehelper.PageInfo<org.ycm.sims.entity.Role> org.ycm.sims.controller.RoleController.rolePage()
2018-04-19 00:07:10,246 - Mapped "{[/role/createRole]}" onto public org.ycm.sims.VO.RoleVO org.ycm.sims.controller.RoleController.createRole(org.ycm.sims.dto.RoleDTO)
2018-04-19 00:07:10,246 - Mapped "{[/role/resetPassword]}" onto public org.ycm.sims.VO.RoleVO org.ycm.sims.controller.RoleController.resetPassword(int,int)
2018-04-19 00:07:10,249 - Mapped "{[/error]}" onto public org.springframework.http.ResponseEntity<java.util.Map<java.lang.String, java.lang.Object>> org.springframework.boot.autoconfigure.web.servlet.error.BasicErrorController.error(javax.servlet.http.HttpServletRequest)
2018-04-19 00:07:10,250 - Mapped "{[/error],produces=[text/html]}" onto public org.springframework.web.servlet.ModelAndView org.springframework.boot.autoconfigure.web.servlet.error.BasicErrorController.errorHtml(javax.servlet.http.HttpServletRequest,javax.servlet.http.HttpServletResponse)
2018-04-19 00:07:10,283 - Mapped URL path [/webjars/**] onto handler of type [class org.springframework.web.servlet.resource.ResourceHttpRequestHandler]
2018-04-19 00:07:10,283 - Mapped URL path [/**] onto handler of type [class org.springframework.web.servlet.resource.ResourceHttpRequestHandler]
2018-04-19 00:07:10,664 - Registering beans for JMX exposure on startup
2018-04-19 00:07:10,665 - Bean with name 'dataSource' has been autodetected for JMX exposure
2018-04-19 00:07:10,670 - Located MBean 'dataSource': registering with JMX server as MBean [com.zaxxer.hikari:name=dataSource,type=HikariDataSource]
2018-04-19 00:07:10,686 - Starting ProtocolHandler ["http-nio-8080"]
2018-04-19 00:07:10,704 - Using a shared selector for servlet write/read
2018-04-19 00:07:10,727 - Tomcat started on port(s): 8080 (http) with context path ''
2018-04-19 00:07:10,730 - Started SimsApplication in 4.688 seconds (JVM running for 5.631)
2018-04-19 00:07:28,704 - Initializing Spring FrameworkServlet 'dispatcherServlet'
2018-04-19 00:07:28,704 - FrameworkServlet 'dispatcherServlet': initialization started
2018-04-19 00:07:28,721 - FrameworkServlet 'dispatcherServlet': initialization completed in 16 ms
2018-04-19 00:07:28,765 - sims - Starting...
2018-04-19 00:07:29,042 - sims - Start completed.
2018-04-19 00:07:34,971 - loginName=admin
