2018-06-02 23:47:47,864 - Starting AchievementServiceImplTest on yang-PC with PID 2480 (started by yang in E:\study\workspace\sims)
2018-06-02 23:47:47,865 - No active profile set, falling back to default profiles: default
2018-06-02 23:47:48,031 - Refreshing org.springframework.web.context.support.GenericWebApplicationContext@127a7a2e: startup date [Sat Jun 02 23:47:48 CST 2018]; root of context hierarchy
2018-06-02 23:47:54,937 - Mapped URL path [/**/favicon.ico] onto handler of type [class org.springframework.web.servlet.resource.ResourceHttpRequestHandler]
2018-06-02 23:47:55,421 - Looking for @ControllerAdvice: org.springframework.web.context.support.GenericWebApplicationContext@127a7a2e: startup date [Sat Jun 02 23:47:48 CST 2018]; root of context hierarchy
2018-06-02 23:47:55,590 - >>>>>>>>>>>>>>>拦截器生效
2018-06-02 23:47:55,695 - Mapped "{[/achievement/index]}" onto public java.lang.String org.ycm.sims.controller.AchievementController.index()
2018-06-02 23:47:55,697 - Mapped "{[/]}" onto public java.lang.String org.ycm.sims.controller.IndexController.index(java.lang.String)
2018-06-02 23:47:55,698 - Mapped "{[/head]}" onto public org.ycm.sims.VO.HeadVO org.ycm.sims.controller.IndexController.head()
2018-06-02 23:47:55,710 - Mapped "{[/information/classes]}" onto public org.ycm.sims.VO.NumberAndClassesVO org.ycm.sims.controller.InformationController.classes()
2018-06-02 23:47:55,710 - Mapped "{[/information/create]}" onto public org.ycm.sims.VO.CheckVO org.ycm.sims.controller.InformationController.create(org.ycm.sims.dto.TeacherInformationDTO)
2018-06-02 23:47:55,711 - Mapped "{[/information/myInformationHtmlS]}" onto public java.lang.String org.ycm.sims.controller.InformationController.myInformationHtmlS()
2018-06-02 23:47:55,711 - Mapped "{[/information/teacherSubjectName]}" onto public java.util.List<org.ycm.sims.VO.TeacherSubjectNameVO> org.ycm.sims.controller.InformationController.teacherSubjectName(java.lang.Integer)
2018-06-02 23:47:55,711 - Mapped "{[/information/updateTeacherClass]}" onto public org.ycm.sims.VO.CheckVO org.ycm.sims.controller.InformationController.updateTeacherClass(org.ycm.sims.dto.UpdateTeacherClassDTO)
2018-06-02 23:47:55,712 - Mapped "{[/information/myInformationHtmlT]}" onto public java.lang.String org.ycm.sims.controller.InformationController.myInformationHtml()
2018-06-02 23:47:55,713 - Mapped "{[/information/createStudent]}" onto public org.ycm.sims.VO.CheckVO org.ycm.sims.controller.InformationController.createStudent(org.ycm.sims.dto.StudentInformationDTO)
2018-06-02 23:47:55,714 - Mapped "{[/information/page]}" onto public java.lang.String org.ycm.sims.controller.InformationController.teacherList()
2018-06-02 23:47:55,717 - Mapped "{[/information/teacherPage]}" onto public org.ycm.sims.VO.PageVO<org.ycm.sims.VO.TeacherInformationVO> org.ycm.sims.controller.InformationController.teacherPage(org.ycm.sims.dto.RoleManagerDTO)
2018-06-02 23:47:55,718 - Mapped "{[/information/updateStudent]}" onto public org.ycm.sims.VO.CheckVO org.ycm.sims.controller.InformationController.updateStudent(org.ycm.sims.dto.StudentInformationDTO)
2018-06-02 23:47:55,718 - Mapped "{[/information/tClassManager]}" onto public java.lang.String org.ycm.sims.controller.InformationController.tClassManager()
2018-06-02 23:47:55,719 - Mapped "{[/information/myInformationVOT]}" onto public org.ycm.sims.VO.TeacherInformationVO org.ycm.sims.controller.InformationController.myInformationVOT()
2018-06-02 23:47:55,719 - Mapped "{[/information/classInformation]}" onto public java.lang.String org.ycm.sims.controller.InformationController.classInformation()
2018-06-02 23:47:55,719 - Mapped "{[/information/myClassPage]}" onto public org.ycm.sims.VO.PageVO<org.ycm.sims.VO.ClassVO> org.ycm.sims.controller.InformationController.myClassPage(org.ycm.sims.dto.ClassManagerDTO)
2018-06-02 23:47:55,720 - Mapped "{[/information/classManager]}" onto public org.ycm.sims.VO.CheckVO org.ycm.sims.controller.InformationController.createClass(org.ycm.sims.dto.ClassManagerDTO)
2018-06-02 23:47:55,721 - Mapped "{[/information/classPage]}" onto public org.ycm.sims.VO.PageVO<org.ycm.sims.VO.ClassVO> org.ycm.sims.controller.InformationController.classPage(org.ycm.sims.dto.ClassManagerDTO)
2018-06-02 23:47:55,722 - Mapped "{[/information/updateTeacher]}" onto public org.ycm.sims.VO.CheckVO org.ycm.sims.controller.InformationController.updateTeacher(org.ycm.sims.dto.TeacherInformationDTO)
2018-06-02 23:47:55,722 - Mapped "{[/information/deleteClass]}" onto public org.ycm.sims.VO.CheckVO org.ycm.sims.controller.InformationController.deleteClass(java.lang.String)
2018-06-02 23:47:55,722 - Mapped "{[/information/classesStudent]}" onto public org.ycm.sims.VO.PageVO<org.ycm.sims.VO.StudentInformationVO> org.ycm.sims.controller.InformationController.classesStudent(org.ycm.sims.dto.StudentInformationPageDTO)
2018-06-02 23:47:55,722 - Mapped "{[/information/myInformationVOS]}" onto public org.ycm.sims.VO.StudentInformationVO org.ycm.sims.controller.InformationController.myInformationVOS()
2018-06-02 23:47:55,723 - Mapped "{[/information/teacherClasses]}" onto public org.ycm.sims.VO.NumberAndClassesVO org.ycm.sims.controller.InformationController.teacherClasses()
2018-06-02 23:47:55,723 - Mapped "{[/information/myStudentHtml]}" onto public java.lang.String org.ycm.sims.controller.InformationController.myStudentHtml()
2018-06-02 23:47:55,725 - Mapped "{[/information/myStudent]}" onto public org.ycm.sims.VO.PageVO<org.ycm.sims.VO.StudentInformationVO> org.ycm.sims.controller.InformationController.myStudent(org.ycm.sims.dto.StudentInformationPageDTO)
2018-06-02 23:47:55,729 - Mapped "{[/role/create]}" onto public java.lang.String org.ycm.sims.controller.RoleController.create()
2018-06-02 23:47:55,729 - Mapped "{[/role/login]}" onto public java.lang.String org.ycm.sims.controller.RoleController.login()
2018-06-02 23:47:55,729 - Mapped "{[/role/logout]}" onto public java.lang.String org.ycm.sims.controller.RoleController.logout()
2018-06-02 23:47:55,729 - Mapped "{[/role/roleList]}" onto public java.lang.String org.ycm.sims.controller.RoleController.roleList()
2018-06-02 23:47:55,729 - Mapped "{[/role/checkLogin]}" onto public org.ycm.sims.VO.RoleCheckVO org.ycm.sims.controller.RoleController.checkLogin(org.ycm.sims.dto.RoleDTO)
2018-06-02 23:47:55,730 - Mapped "{[/role/updatePassword]}" onto public org.ycm.sims.VO.RoleCheckVO org.ycm.sims.controller.RoleController.updatePassword(org.ycm.sims.dto.UpdatePasswordDTO)
2018-06-02 23:47:55,730 - Mapped "{[/role/password]}" onto public java.lang.String org.ycm.sims.controller.RoleController.updatePassword()
2018-06-02 23:47:55,731 - Mapped "{[/role/resetPassword]}" onto public org.ycm.sims.VO.RoleCheckVO org.ycm.sims.controller.RoleController.resetPassword(org.ycm.sims.dto.RoleDTO)
2018-06-02 23:47:55,731 - Mapped "{[/role/cancelRole]}" onto public org.ycm.sims.VO.RoleCheckVO org.ycm.sims.controller.RoleController.cancelRole(org.ycm.sims.dto.RoleDTO)
2018-06-02 23:47:55,731 - Mapped "{[/role/page]}" onto public org.ycm.sims.VO.PageVO<org.ycm.sims.VO.RoleVO> org.ycm.sims.controller.RoleController.page(org.ycm.sims.dto.RoleManagerDTO)
2018-06-02 23:47:55,735 - Mapped "{[/system/record]}" onto public java.lang.String org.ycm.sims.controller.SystemController.record()
2018-06-02 23:47:55,736 - Mapped "{[/system/updateMenu]}" onto public org.ycm.sims.VO.CheckVO org.ycm.sims.controller.SystemController.updateMenu(org.ycm.sims.dto.MenuDTO)
2018-06-02 23:47:55,736 - Mapped "{[/system/recordList]}" onto public org.ycm.sims.VO.PageVO<org.ycm.sims.VO.RecordVO> org.ycm.sims.controller.SystemController.recordList(org.ycm.sims.dto.RecordPageDTO)
2018-06-02 23:47:55,736 - Mapped "{[/system/deleteMenu]}" onto public org.ycm.sims.VO.CheckVO org.ycm.sims.controller.SystemController.deleteMenu(java.lang.Integer)
2018-06-02 23:47:55,736 - Mapped "{[/system/aboutSystem]}" onto public java.lang.String org.ycm.sims.controller.SystemController.aboutSystem()
2018-06-02 23:47:55,737 - Mapped "{[/system/menuTree]}" onto public java.util.List<org.ycm.sims.VO.MenuTreeVO> org.ycm.sims.controller.SystemController.menuTree()
2018-06-02 23:47:55,738 - Mapped "{[/system/addMenu]}" onto public org.ycm.sims.VO.CheckVO org.ycm.sims.controller.SystemController.addMenu(org.ycm.sims.dto.MenuDTO)
2018-06-02 23:47:55,739 - Mapped "{[/system/menuList]}" onto public org.ycm.sims.VO.PageVO<org.ycm.sims.VO.MenuVO> org.ycm.sims.controller.SystemController.menuList(org.ycm.sims.dto.MenuPageDTO)
2018-06-02 23:47:55,740 - Mapped "{[/system/createMenu]}" onto public java.lang.String org.ycm.sims.controller.SystemController.createMenu()
2018-06-02 23:47:55,741 - Mapped "{[/system/menu]}" onto public java.lang.String org.ycm.sims.controller.SystemController.menu()
2018-06-02 23:47:55,746 - Mapped "{[/error]}" onto public org.springframework.http.ResponseEntity<java.util.Map<java.lang.String, java.lang.Object>> org.springframework.boot.autoconfigure.web.servlet.error.BasicErrorController.error(javax.servlet.http.HttpServletRequest)
2018-06-02 23:47:55,747 - Mapped "{[/error],produces=[text/html]}" onto public org.springframework.web.servlet.ModelAndView org.springframework.boot.autoconfigure.web.servlet.error.BasicErrorController.errorHtml(javax.servlet.http.HttpServletRequest,javax.servlet.http.HttpServletResponse)
2018-06-02 23:47:55,797 - Mapped URL path [/webjars/**] onto handler of type [class org.springframework.web.servlet.resource.ResourceHttpRequestHandler]
2018-06-02 23:47:55,797 - Mapped URL path [/**] onto handler of type [class org.springframework.web.servlet.resource.ResourceHttpRequestHandler]
2018-06-02 23:47:57,024 - Started AchievementServiceImplTest in 11.749 seconds (JVM running for 15.355)
2018-06-02 23:47:57,428 - sims - Starting...
2018-06-02 23:47:58,219 - sims - Start completed.
2018-06-02 23:47:58,234 - ==>  Preparing: SELECT * FROM role WHERE login_name = ? 
2018-06-02 23:47:58,263 - ==> Parameters: lisi(String)
2018-06-02 23:47:58,327 - <==      Total: 1
2018-06-02 23:47:58,458 - ==>  Preparing: SELECT count(0) FROM achievement a, student_information s, teacher_information t WHERE a.s_information_id = s.id AND a.t_information_id = t.id 
2018-06-02 23:47:58,458 - ==> Parameters: 
2018-06-02 23:47:58,469 - <==      Total: 1
2018-06-02 23:47:58,472 - ==>  Preparing: SELECT s.number, s.name setudent_name, s.classes, t.subject, t.name teacher_name, a.year, a.mouth, a.num, a.score, s.create_time FROM achievement a, student_information s,teacher_information t WHERE a.s_information_id = s.id AND a.t_information_id = t.id ORDER BY a.year DESC, a.mouth, a.num LIMIT ?, ? 
2018-06-02 23:47:58,472 - ==> Parameters: 9(Integer), 1(Integer)
2018-06-02 23:47:58,474 - <==      Total: 0
2018-06-02 23:47:58,476 - achievementVOPageVO = PageVO(code=0, msg=成功, count=0, data=[])
2018-06-02 23:47:58,486 - Closing org.springframework.web.context.support.GenericWebApplicationContext@127a7a2e: startup date [Sat Jun 02 23:47:48 CST 2018]; root of context hierarchy
2018-06-02 23:47:58,492 - sims - Shutdown initiated...
2018-06-02 23:47:58,506 - sims - Shutdown completed.
2018-06-02 23:49:29,440 - Starting AchievementServiceImplTest on yang-PC with PID 4324 (started by yang in E:\study\workspace\sims)
2018-06-02 23:49:29,445 - No active profile set, falling back to default profiles: default
2018-06-02 23:49:29,518 - Refreshing org.springframework.web.context.support.GenericWebApplicationContext@2b9ed6da: startup date [Sat Jun 02 23:49:29 CST 2018]; root of context hierarchy
2018-06-02 23:49:33,421 - Mapped URL path [/**/favicon.ico] onto handler of type [class org.springframework.web.servlet.resource.ResourceHttpRequestHandler]
2018-06-02 23:49:33,906 - Looking for @ControllerAdvice: org.springframework.web.context.support.GenericWebApplicationContext@2b9ed6da: startup date [Sat Jun 02 23:49:29 CST 2018]; root of context hierarchy
2018-06-02 23:49:33,971 - >>>>>>>>>>>>>>>拦截器生效
2018-06-02 23:49:34,037 - Mapped "{[/achievement/index]}" onto public java.lang.String org.ycm.sims.controller.AchievementController.index()
2018-06-02 23:49:34,039 - Mapped "{[/]}" onto public java.lang.String org.ycm.sims.controller.IndexController.index(java.lang.String)
2018-06-02 23:49:34,039 - Mapped "{[/head]}" onto public org.ycm.sims.VO.HeadVO org.ycm.sims.controller.IndexController.head()
2018-06-02 23:49:34,053 - Mapped "{[/information/classes]}" onto public org.ycm.sims.VO.NumberAndClassesVO org.ycm.sims.controller.InformationController.classes()
2018-06-02 23:49:34,054 - Mapped "{[/information/create]}" onto public org.ycm.sims.VO.CheckVO org.ycm.sims.controller.InformationController.create(org.ycm.sims.dto.TeacherInformationDTO)
2018-06-02 23:49:34,054 - Mapped "{[/information/myInformationVOS]}" onto public org.ycm.sims.VO.StudentInformationVO org.ycm.sims.controller.InformationController.myInformationVOS()
2018-06-02 23:49:34,054 - Mapped "{[/information/classesStudent]}" onto public org.ycm.sims.VO.PageVO<org.ycm.sims.VO.StudentInformationVO> org.ycm.sims.controller.InformationController.classesStudent(org.ycm.sims.dto.StudentInformationPageDTO)
2018-06-02 23:49:34,055 - Mapped "{[/information/teacherPage]}" onto public org.ycm.sims.VO.PageVO<org.ycm.sims.VO.TeacherInformationVO> org.ycm.sims.controller.InformationController.teacherPage(org.ycm.sims.dto.RoleManagerDTO)
2018-06-02 23:49:34,055 - Mapped "{[/information/updateTeacher]}" onto public org.ycm.sims.VO.CheckVO org.ycm.sims.controller.InformationController.updateTeacher(org.ycm.sims.dto.TeacherInformationDTO)
2018-06-02 23:49:34,055 - Mapped "{[/information/teacherClasses]}" onto public org.ycm.sims.VO.NumberAndClassesVO org.ycm.sims.controller.InformationController.teacherClasses()
2018-06-02 23:49:34,055 - Mapped "{[/information/page]}" onto public java.lang.String org.ycm.sims.controller.InformationController.teacherList()
2018-06-02 23:49:34,055 - Mapped "{[/information/myStudent]}" onto public org.ycm.sims.VO.PageVO<org.ycm.sims.VO.StudentInformationVO> org.ycm.sims.controller.InformationController.myStudent(org.ycm.sims.dto.StudentInformationPageDTO)
2018-06-02 23:49:34,056 - Mapped "{[/information/tClassManager]}" onto public java.lang.String org.ycm.sims.controller.InformationController.tClassManager()
2018-06-02 23:49:34,057 - Mapped "{[/information/myClassPage]}" onto public org.ycm.sims.VO.PageVO<org.ycm.sims.VO.ClassVO> org.ycm.sims.controller.InformationController.myClassPage(org.ycm.sims.dto.ClassManagerDTO)
2018-06-02 23:49:34,057 - Mapped "{[/information/myInformationVOT]}" onto public org.ycm.sims.VO.TeacherInformationVO org.ycm.sims.controller.InformationController.myInformationVOT()
2018-06-02 23:49:34,057 - Mapped "{[/information/createStudent]}" onto public org.ycm.sims.VO.CheckVO org.ycm.sims.controller.InformationController.createStudent(org.ycm.sims.dto.StudentInformationDTO)
2018-06-02 23:49:34,057 - Mapped "{[/information/classPage]}" onto public org.ycm.sims.VO.PageVO<org.ycm.sims.VO.ClassVO> org.ycm.sims.controller.InformationController.classPage(org.ycm.sims.dto.ClassManagerDTO)
2018-06-02 23:49:34,058 - Mapped "{[/information/myStudentHtml]}" onto public java.lang.String org.ycm.sims.controller.InformationController.myStudentHtml()
2018-06-02 23:49:34,058 - Mapped "{[/information/deleteClass]}" onto public org.ycm.sims.VO.CheckVO org.ycm.sims.controller.InformationController.deleteClass(java.lang.String)
2018-06-02 23:49:34,058 - Mapped "{[/information/classManager]}" onto public org.ycm.sims.VO.CheckVO org.ycm.sims.controller.InformationController.createClass(org.ycm.sims.dto.ClassManagerDTO)
2018-06-02 23:49:34,058 - Mapped "{[/information/updateStudent]}" onto public org.ycm.sims.VO.CheckVO org.ycm.sims.controller.InformationController.updateStudent(org.ycm.sims.dto.StudentInformationDTO)
2018-06-02 23:49:34,058 - Mapped "{[/information/classInformation]}" onto public java.lang.String org.ycm.sims.controller.InformationController.classInformation()
2018-06-02 23:49:34,059 - Mapped "{[/information/updateTeacherClass]}" onto public org.ycm.sims.VO.CheckVO org.ycm.sims.controller.InformationController.updateTeacherClass(org.ycm.sims.dto.UpdateTeacherClassDTO)
2018-06-02 23:49:34,059 - Mapped "{[/information/myInformationHtmlS]}" onto public java.lang.String org.ycm.sims.controller.InformationController.myInformationHtmlS()
2018-06-02 23:49:34,059 - Mapped "{[/information/teacherSubjectName]}" onto public java.util.List<org.ycm.sims.VO.TeacherSubjectNameVO> org.ycm.sims.controller.InformationController.teacherSubjectName(java.lang.Integer)
2018-06-02 23:49:34,059 - Mapped "{[/information/myInformationHtmlT]}" onto public java.lang.String org.ycm.sims.controller.InformationController.myInformationHtml()
2018-06-02 23:49:34,062 - Mapped "{[/role/create]}" onto public java.lang.String org.ycm.sims.controller.RoleController.create()
2018-06-02 23:49:34,062 - Mapped "{[/role/login]}" onto public java.lang.String org.ycm.sims.controller.RoleController.login()
2018-06-02 23:49:34,062 - Mapped "{[/role/logout]}" onto public java.lang.String org.ycm.sims.controller.RoleController.logout()
2018-06-02 23:49:34,063 - Mapped "{[/role/resetPassword]}" onto public org.ycm.sims.VO.RoleCheckVO org.ycm.sims.controller.RoleController.resetPassword(org.ycm.sims.dto.RoleDTO)
2018-06-02 23:49:34,063 - Mapped "{[/role/roleList]}" onto public java.lang.String org.ycm.sims.controller.RoleController.roleList()
2018-06-02 23:49:34,063 - Mapped "{[/role/password]}" onto public java.lang.String org.ycm.sims.controller.RoleController.updatePassword()
2018-06-02 23:49:34,063 - Mapped "{[/role/updatePassword]}" onto public org.ycm.sims.VO.RoleCheckVO org.ycm.sims.controller.RoleController.updatePassword(org.ycm.sims.dto.UpdatePasswordDTO)
2018-06-02 23:49:34,063 - Mapped "{[/role/page]}" onto public org.ycm.sims.VO.PageVO<org.ycm.sims.VO.RoleVO> org.ycm.sims.controller.RoleController.page(org.ycm.sims.dto.RoleManagerDTO)
2018-06-02 23:49:34,067 - Mapped "{[/role/checkLogin]}" onto public org.ycm.sims.VO.RoleCheckVO org.ycm.sims.controller.RoleController.checkLogin(org.ycm.sims.dto.RoleDTO)
2018-06-02 23:49:34,067 - Mapped "{[/role/cancelRole]}" onto public org.ycm.sims.VO.RoleCheckVO org.ycm.sims.controller.RoleController.cancelRole(org.ycm.sims.dto.RoleDTO)
2018-06-02 23:49:34,069 - Mapped "{[/system/record]}" onto public java.lang.String org.ycm.sims.controller.SystemController.record()
2018-06-02 23:49:34,070 - Mapped "{[/system/menu]}" onto public java.lang.String org.ycm.sims.controller.SystemController.menu()
2018-06-02 23:49:34,070 - Mapped "{[/system/deleteMenu]}" onto public org.ycm.sims.VO.CheckVO org.ycm.sims.controller.SystemController.deleteMenu(java.lang.Integer)
2018-06-02 23:49:34,070 - Mapped "{[/system/addMenu]}" onto public org.ycm.sims.VO.CheckVO org.ycm.sims.controller.SystemController.addMenu(org.ycm.sims.dto.MenuDTO)
2018-06-02 23:49:34,070 - Mapped "{[/system/menuTree]}" onto public java.util.List<org.ycm.sims.VO.MenuTreeVO> org.ycm.sims.controller.SystemController.menuTree()
2018-06-02 23:49:34,070 - Mapped "{[/system/createMenu]}" onto public java.lang.String org.ycm.sims.controller.SystemController.createMenu()
2018-06-02 23:49:34,071 - Mapped "{[/system/recordList]}" onto public org.ycm.sims.VO.PageVO<org.ycm.sims.VO.RecordVO> org.ycm.sims.controller.SystemController.recordList(org.ycm.sims.dto.RecordPageDTO)
2018-06-02 23:49:34,071 - Mapped "{[/system/aboutSystem]}" onto public java.lang.String org.ycm.sims.controller.SystemController.aboutSystem()
2018-06-02 23:49:34,071 - Mapped "{[/system/menuList]}" onto public org.ycm.sims.VO.PageVO<org.ycm.sims.VO.MenuVO> org.ycm.sims.controller.SystemController.menuList(org.ycm.sims.dto.MenuPageDTO)
2018-06-02 23:49:34,072 - Mapped "{[/system/updateMenu]}" onto public org.ycm.sims.VO.CheckVO org.ycm.sims.controller.SystemController.updateMenu(org.ycm.sims.dto.MenuDTO)
2018-06-02 23:49:34,077 - Mapped "{[/error]}" onto public org.springframework.http.ResponseEntity<java.util.Map<java.lang.String, java.lang.Object>> org.springframework.boot.autoconfigure.web.servlet.error.BasicErrorController.error(javax.servlet.http.HttpServletRequest)
2018-06-02 23:49:34,078 - Mapped "{[/error],produces=[text/html]}" onto public org.springframework.web.servlet.ModelAndView org.springframework.boot.autoconfigure.web.servlet.error.BasicErrorController.errorHtml(javax.servlet.http.HttpServletRequest,javax.servlet.http.HttpServletResponse)
2018-06-02 23:49:34,140 - Mapped URL path [/webjars/**] onto handler of type [class org.springframework.web.servlet.resource.ResourceHttpRequestHandler]
2018-06-02 23:49:34,141 - Mapped URL path [/**] onto handler of type [class org.springframework.web.servlet.resource.ResourceHttpRequestHandler]
2018-06-02 23:49:35,076 - Started AchievementServiceImplTest in 7.279 seconds (JVM running for 8.917)
2018-06-02 23:49:35,320 - sims - Starting...
2018-06-02 23:49:35,775 - sims - Start completed.
2018-06-02 23:49:35,785 - ==>  Preparing: SELECT * FROM role WHERE login_name = ? 
2018-06-02 23:49:35,819 - ==> Parameters: lisi(String)
2018-06-02 23:49:35,845 - <==      Total: 1
2018-06-02 23:49:35,970 - ==>  Preparing: SELECT count(0) FROM achievement a, student_information s, teacher_information t WHERE a.s_information_id = s.id AND a.t_information_id = t.id 
2018-06-02 23:49:35,971 - ==> Parameters: 
2018-06-02 23:49:35,981 - <==      Total: 1
2018-06-02 23:49:35,984 - ==>  Preparing: SELECT s.number, s.name setudent_name, s.classes, t.subject, t.name teacher_name, a.year, a.mouth, a.num, a.score, s.create_time FROM achievement a, student_information s,teacher_information t WHERE a.s_information_id = s.id AND a.t_information_id = t.id ORDER BY a.year DESC, a.mouth, a.num LIMIT ? 
2018-06-02 23:49:35,986 - ==> Parameters: 10(Integer)
2018-06-02 23:49:35,999 - <==      Total: 9
2018-06-02 23:49:36,012 - achievementVOPageVO = PageVO(code=0, msg=成功, count=9, data=[AchievementVO(id=null, sInformationId=null, tInformationId=null, classes=高一(1)班, year=2018-2019, mouth=3, num=1, subject=英语, score=75, status=null, createId=null, createTime=2018-05-10 10:01:11), AchievementVO(id=null, sInformationId=null, tInformationId=null, classes=高三(3)班, year=2018-2019, mouth=3, num=2, subject=政治, score=85, status=null, createId=null, createTime=2018-05-10 10:01:39), AchievementVO(id=null, sInformationId=null, tInformationId=null, classes=高三(3)班, year=2018-2019, mouth=6, num=1, subject=语文, score=85, status=null, createId=null, createTime=2018-05-10 10:01:39), AchievementVO(id=null, sInformationId=null, tInformationId=null, classes=高一(1)班, year=2018-2019, mouth=6, num=2, subject=英语, score=85, status=null, createId=null, createTime=2018-05-14 02:58:44), AchievementVO(id=null, sInformationId=null, tInformationId=null, classes=高一(1)班, year=2018-2019, mouth=6, num=3, subject=数学, score=90, status=null, createId=null, createTime=2018-05-10 10:01:11), AchievementVO(id=null, sInformationId=null, tInformationId=null, classes=高二(2)班, year=2018-2019, mouth=7, num=1, subject=语文, score=75, status=null, createId=null, createTime=2018-05-27 11:08:20), AchievementVO(id=null, sInformationId=null, tInformationId=null, classes=高一(1)班, year=2017-2018, mouth=5, num=1, subject=生物, score=100, status=null, createId=null, createTime=2018-05-10 10:01:11), AchievementVO(id=null, sInformationId=null, tInformationId=null, classes=高二(1)班, year=2016-2017, mouth=4, num=1, subject=数学, score=75, status=null, createId=null, createTime=2018-05-10 10:00:16), AchievementVO(id=null, sInformationId=null, tInformationId=null, classes=高一(1)班, year=2015-2016, mouth=6, num=1, subject=生物, score=75, status=null, createId=null, createTime=2018-05-10 10:01:11)])
2018-06-02 23:49:36,020 - Closing org.springframework.web.context.support.GenericWebApplicationContext@2b9ed6da: startup date [Sat Jun 02 23:49:29 CST 2018]; root of context hierarchy
2018-06-02 23:49:36,026 - sims - Shutdown initiated...
2018-06-02 23:49:36,039 - sims - Shutdown completed.
2018-06-02 23:56:21,576 - Starting AchievementServiceImplTest on yang-PC with PID 1760 (started by yang in E:\study\workspace\sims)
2018-06-02 23:56:21,581 - No active profile set, falling back to default profiles: default
2018-06-02 23:56:21,634 - Refreshing org.springframework.web.context.support.GenericWebApplicationContext@6c61a903: startup date [Sat Jun 02 23:56:21 CST 2018]; root of context hierarchy
2018-06-02 23:56:25,839 - Mapped URL path [/**/favicon.ico] onto handler of type [class org.springframework.web.servlet.resource.ResourceHttpRequestHandler]
2018-06-02 23:56:26,280 - Looking for @ControllerAdvice: org.springframework.web.context.support.GenericWebApplicationContext@6c61a903: startup date [Sat Jun 02 23:56:21 CST 2018]; root of context hierarchy
2018-06-02 23:56:26,373 - >>>>>>>>>>>>>>>拦截器生效
2018-06-02 23:56:26,440 - Mapped "{[/achievement/index]}" onto public java.lang.String org.ycm.sims.controller.AchievementController.index()
2018-06-02 23:56:26,442 - Mapped "{[/]}" onto public java.lang.String org.ycm.sims.controller.IndexController.index(java.lang.String)
2018-06-02 23:56:26,442 - Mapped "{[/head]}" onto public org.ycm.sims.VO.HeadVO org.ycm.sims.controller.IndexController.head()
2018-06-02 23:56:26,456 - Mapped "{[/information/classes]}" onto public org.ycm.sims.VO.NumberAndClassesVO org.ycm.sims.controller.InformationController.classes()
2018-06-02 23:56:26,456 - Mapped "{[/information/create]}" onto public org.ycm.sims.VO.CheckVO org.ycm.sims.controller.InformationController.create(org.ycm.sims.dto.TeacherInformationDTO)
2018-06-02 23:56:26,457 - Mapped "{[/information/myInformationVOS]}" onto public org.ycm.sims.VO.StudentInformationVO org.ycm.sims.controller.InformationController.myInformationVOS()
2018-06-02 23:56:26,457 - Mapped "{[/information/myStudent]}" onto public org.ycm.sims.VO.PageVO<org.ycm.sims.VO.StudentInformationVO> org.ycm.sims.controller.InformationController.myStudent(org.ycm.sims.dto.StudentInformationPageDTO)
2018-06-02 23:56:26,457 - Mapped "{[/information/createStudent]}" onto public org.ycm.sims.VO.CheckVO org.ycm.sims.controller.InformationController.createStudent(org.ycm.sims.dto.StudentInformationDTO)
2018-06-02 23:56:26,458 - Mapped "{[/information/myClassPage]}" onto public org.ycm.sims.VO.PageVO<org.ycm.sims.VO.ClassVO> org.ycm.sims.controller.InformationController.myClassPage(org.ycm.sims.dto.ClassManagerDTO)
2018-06-02 23:56:26,458 - Mapped "{[/information/myStudentHtml]}" onto public java.lang.String org.ycm.sims.controller.InformationController.myStudentHtml()
2018-06-02 23:56:26,458 - Mapped "{[/information/classPage]}" onto public org.ycm.sims.VO.PageVO<org.ycm.sims.VO.ClassVO> org.ycm.sims.controller.InformationController.classPage(org.ycm.sims.dto.ClassManagerDTO)
2018-06-02 23:56:26,459 - Mapped "{[/information/deleteClass]}" onto public org.ycm.sims.VO.CheckVO org.ycm.sims.controller.InformationController.deleteClass(java.lang.String)
2018-06-02 23:56:26,459 - Mapped "{[/information/teacherClasses]}" onto public org.ycm.sims.VO.NumberAndClassesVO org.ycm.sims.controller.InformationController.teacherClasses()
2018-06-02 23:56:26,459 - Mapped "{[/information/classInformation]}" onto public java.lang.String org.ycm.sims.controller.InformationController.classInformation()
2018-06-02 23:56:26,460 - Mapped "{[/information/myInformationVOT]}" onto public org.ycm.sims.VO.TeacherInformationVO org.ycm.sims.controller.InformationController.myInformationVOT()
2018-06-02 23:56:26,460 - Mapped "{[/information/tClassManager]}" onto public java.lang.String org.ycm.sims.controller.InformationController.tClassManager()
2018-06-02 23:56:26,460 - Mapped "{[/information/page]}" onto public java.lang.String org.ycm.sims.controller.InformationController.teacherList()
2018-06-02 23:56:26,460 - Mapped "{[/information/teacherPage]}" onto public org.ycm.sims.VO.PageVO<org.ycm.sims.VO.TeacherInformationVO> org.ycm.sims.controller.InformationController.teacherPage(org.ycm.sims.dto.RoleManagerDTO)
2018-06-02 23:56:26,461 - Mapped "{[/information/classesStudent]}" onto public org.ycm.sims.VO.PageVO<org.ycm.sims.VO.StudentInformationVO> org.ycm.sims.controller.InformationController.classesStudent(org.ycm.sims.dto.StudentInformationPageDTO)
2018-06-02 23:56:26,461 - Mapped "{[/information/classManager]}" onto public org.ycm.sims.VO.CheckVO org.ycm.sims.controller.InformationController.createClass(org.ycm.sims.dto.ClassManagerDTO)
2018-06-02 23:56:26,461 - Mapped "{[/information/updateTeacher]}" onto public org.ycm.sims.VO.CheckVO org.ycm.sims.controller.InformationController.updateTeacher(org.ycm.sims.dto.TeacherInformationDTO)
2018-06-02 23:56:26,462 - Mapped "{[/information/updateStudent]}" onto public org.ycm.sims.VO.CheckVO org.ycm.sims.controller.InformationController.updateStudent(org.ycm.sims.dto.StudentInformationDTO)
2018-06-02 23:56:26,462 - Mapped "{[/information/updateTeacherClass]}" onto public org.ycm.sims.VO.CheckVO org.ycm.sims.controller.InformationController.updateTeacherClass(org.ycm.sims.dto.UpdateTeacherClassDTO)
2018-06-02 23:56:26,463 - Mapped "{[/information/myInformationHtmlS]}" onto public java.lang.String org.ycm.sims.controller.InformationController.myInformationHtmlS()
2018-06-02 23:56:26,463 - Mapped "{[/information/myInformationHtmlT]}" onto public java.lang.String org.ycm.sims.controller.InformationController.myInformationHtml()
2018-06-02 23:56:26,464 - Mapped "{[/information/teacherSubjectName]}" onto public java.util.List<org.ycm.sims.VO.TeacherSubjectNameVO> org.ycm.sims.controller.InformationController.teacherSubjectName(java.lang.Integer)
2018-06-02 23:56:26,466 - Mapped "{[/role/create]}" onto public java.lang.String org.ycm.sims.controller.RoleController.create()
2018-06-02 23:56:26,467 - Mapped "{[/role/login]}" onto public java.lang.String org.ycm.sims.controller.RoleController.login()
2018-06-02 23:56:26,467 - Mapped "{[/role/logout]}" onto public java.lang.String org.ycm.sims.controller.RoleController.logout()
2018-06-02 23:56:26,467 - Mapped "{[/role/roleList]}" onto public java.lang.String org.ycm.sims.controller.RoleController.roleList()
2018-06-02 23:56:26,468 - Mapped "{[/role/updatePassword]}" onto public org.ycm.sims.VO.RoleCheckVO org.ycm.sims.controller.RoleController.updatePassword(org.ycm.sims.dto.UpdatePasswordDTO)
2018-06-02 23:56:26,468 - Mapped "{[/role/password]}" onto public java.lang.String org.ycm.sims.controller.RoleController.updatePassword()
2018-06-02 23:56:26,468 - Mapped "{[/role/page]}" onto public org.ycm.sims.VO.PageVO<org.ycm.sims.VO.RoleVO> org.ycm.sims.controller.RoleController.page(org.ycm.sims.dto.RoleManagerDTO)
2018-06-02 23:56:26,469 - Mapped "{[/role/cancelRole]}" onto public org.ycm.sims.VO.RoleCheckVO org.ycm.sims.controller.RoleController.cancelRole(org.ycm.sims.dto.RoleDTO)
2018-06-02 23:56:26,470 - Mapped "{[/role/resetPassword]}" onto public org.ycm.sims.VO.RoleCheckVO org.ycm.sims.controller.RoleController.resetPassword(org.ycm.sims.dto.RoleDTO)
2018-06-02 23:56:26,470 - Mapped "{[/role/checkLogin]}" onto public org.ycm.sims.VO.RoleCheckVO org.ycm.sims.controller.RoleController.checkLogin(org.ycm.sims.dto.RoleDTO)
2018-06-02 23:56:26,473 - Mapped "{[/system/record]}" onto public java.lang.String org.ycm.sims.controller.SystemController.record()
2018-06-02 23:56:26,473 - Mapped "{[/system/addMenu]}" onto public org.ycm.sims.VO.CheckVO org.ycm.sims.controller.SystemController.addMenu(org.ycm.sims.dto.MenuDTO)
2018-06-02 23:56:26,474 - Mapped "{[/system/recordList]}" onto public org.ycm.sims.VO.PageVO<org.ycm.sims.VO.RecordVO> org.ycm.sims.controller.SystemController.recordList(org.ycm.sims.dto.RecordPageDTO)
2018-06-02 23:56:26,474 - Mapped "{[/system/menuList]}" onto public org.ycm.sims.VO.PageVO<org.ycm.sims.VO.MenuVO> org.ycm.sims.controller.SystemController.menuList(org.ycm.sims.dto.MenuPageDTO)
2018-06-02 23:56:26,474 - Mapped "{[/system/createMenu]}" onto public java.lang.String org.ycm.sims.controller.SystemController.createMenu()
2018-06-02 23:56:26,475 - Mapped "{[/system/updateMenu]}" onto public org.ycm.sims.VO.CheckVO org.ycm.sims.controller.SystemController.updateMenu(org.ycm.sims.dto.MenuDTO)
2018-06-02 23:56:26,475 - Mapped "{[/system/deleteMenu]}" onto public org.ycm.sims.VO.CheckVO org.ycm.sims.controller.SystemController.deleteMenu(java.lang.Integer)
2018-06-02 23:56:26,475 - Mapped "{[/system/menuTree]}" onto public java.util.List<org.ycm.sims.VO.MenuTreeVO> org.ycm.sims.controller.SystemController.menuTree()
2018-06-02 23:56:26,475 - Mapped "{[/system/aboutSystem]}" onto public java.lang.String org.ycm.sims.controller.SystemController.aboutSystem()
2018-06-02 23:56:26,476 - Mapped "{[/system/menu]}" onto public java.lang.String org.ycm.sims.controller.SystemController.menu()
2018-06-02 23:56:26,480 - Mapped "{[/error]}" onto public org.springframework.http.ResponseEntity<java.util.Map<java.lang.String, java.lang.Object>> org.springframework.boot.autoconfigure.web.servlet.error.BasicErrorController.error(javax.servlet.http.HttpServletRequest)
2018-06-02 23:56:26,482 - Mapped "{[/error],produces=[text/html]}" onto public org.springframework.web.servlet.ModelAndView org.springframework.boot.autoconfigure.web.servlet.error.BasicErrorController.errorHtml(javax.servlet.http.HttpServletRequest,javax.servlet.http.HttpServletResponse)
2018-06-02 23:56:26,604 - Mapped URL path [/webjars/**] onto handler of type [class org.springframework.web.servlet.resource.ResourceHttpRequestHandler]
2018-06-02 23:56:26,604 - Mapped URL path [/**] onto handler of type [class org.springframework.web.servlet.resource.ResourceHttpRequestHandler]
2018-06-02 23:56:27,624 - Started AchievementServiceImplTest in 7.971 seconds (JVM running for 10.069)
2018-06-02 23:56:27,823 - sims - Starting...
2018-06-02 23:56:28,350 - sims - Start completed.
2018-06-02 23:56:28,360 - ==>  Preparing: SELECT * FROM role WHERE login_name = ? 
2018-06-02 23:56:28,397 - ==> Parameters: lisi(String)
2018-06-02 23:56:28,414 - <==      Total: 1
2018-06-02 23:56:28,554 - ==>  Preparing: SELECT count(0) FROM achievement a, student_information s, teacher_information t WHERE a.s_information_id = s.id AND a.t_information_id = t.id 
2018-06-02 23:56:28,555 - ==> Parameters: 
2018-06-02 23:56:28,565 - <==      Total: 1
2018-06-02 23:56:28,568 - ==>  Preparing: SELECT s.number, s.name setudent_name, s.classes, t.subject, t.name teacher_name, a.year, a.mouth, a.num, a.score, s.create_time FROM achievement a, student_information s,teacher_information t WHERE a.s_information_id = s.id AND a.t_information_id = t.id ORDER BY a.year DESC, a.mouth, a.num LIMIT ? 
2018-06-02 23:56:28,569 - ==> Parameters: 10(Integer)
2018-06-02 23:56:28,574 - <==      Total: 9
2018-06-02 23:56:28,585 - achievementVOPageVO = PageVO(code=0, msg=成功, count=9, data=[AchievementVO(number=S-20180003, studentName=null, classes=高一(1)班, subject=英语, teacherName=陈六, year=2018-2019, mouth=3, num=1, score=75, createTime=2018-05-10 10:01:11), AchievementVO(number=S-20180004, studentName=null, classes=高三(3)班, subject=政治, teacherName=蜘蛛精, year=2018-2019, mouth=3, num=2, score=85, createTime=2018-05-10 10:01:39), AchievementVO(number=S-20180004, studentName=null, classes=高三(3)班, subject=语文, teacherName=晃儿, year=2018-2019, mouth=6, num=1, score=85, createTime=2018-05-10 10:01:39), AchievementVO(number=S-20180005, studentName=null, classes=高一(1)班, subject=英语, teacherName=陈六, year=2018-2019, mouth=6, num=2, score=85, createTime=2018-05-14 02:58:44), AchievementVO(number=S-20180003, studentName=null, classes=高一(1)班, subject=数学, teacherName=李四, year=2018-2019, mouth=6, num=3, score=90, createTime=2018-05-10 10:01:11), AchievementVO(number=S-20180013, studentName=null, classes=高二(2)班, subject=语文, teacherName=刘八, year=2018-2019, mouth=7, num=1, score=75, createTime=2018-05-27 11:08:20), AchievementVO(number=S-20180003, studentName=null, classes=高一(1)班, subject=生物, teacherName=张三, year=2017-2018, mouth=5, num=1, score=100, createTime=2018-05-10 10:01:11), AchievementVO(number=S-20180001, studentName=null, classes=高二(1)班, subject=数学, teacherName=紫霞, year=2016-2017, mouth=4, num=1, score=75, createTime=2018-05-10 10:00:16), AchievementVO(number=S-20180003, studentName=null, classes=高一(1)班, subject=生物, teacherName=张三, year=2015-2016, mouth=6, num=1, score=75, createTime=2018-05-10 10:01:11)])
2018-06-02 23:56:28,601 - Closing org.springframework.web.context.support.GenericWebApplicationContext@6c61a903: startup date [Sat Jun 02 23:56:21 CST 2018]; root of context hierarchy
2018-06-02 23:56:28,609 - sims - Shutdown initiated...
2018-06-02 23:56:28,626 - sims - Shutdown completed.
